TN:
SF:enums\HealthCheckStatus.ts
FNF:1
FNH:1
DA:1,81
DA:2,37
DA:3,37
DA:4,38
LF:4
LH:4
end_of_record
TN:
SF:enums\HealthcheckMeasurements.ts
FNF:1
FNH:1
DA:1,99
DA:2,57
DA:3,59
DA:4,47
DA:5,58
LF:5
LH:5
end_of_record
TN:
SF:tests\test-setup.ts
FNF:1
FNH:1
DA:1,44
DA:3,17
DA:4,38
DA:5,2
LF:4
LH:4
end_of_record
TN:
SF:tests\utilities\runChecks.test.ts
FNF:50
FNH:50
DA:1,57
DA:2,54
DA:6,66
DA:9,55
DA:10,38
DA:11,2
DA:13,45
DA:14,422
DA:15,43
DA:16,38
DA:17,13
DA:18,7
DA:21,55
DA:22,4
DA:24,53
DA:25,41
DA:26,13
DA:27,22
DA:28,20
DA:29,2
DA:30,7
DA:32,38
DA:33,13
DA:34,33
DA:35,28
DA:36,37
DA:37,22
DA:38,29
DA:39,28
DA:40,60
DA:41,48
DA:43,26
DA:44,37
DA:45,33
DA:46,14
DA:48,11
DA:49,9
DA:50,7
DA:51,5
DA:52,7
DA:55,42
DA:56,49
DA:57,78
DA:58,82
DA:59,101
DA:60,4
DA:62,77
DA:63,116
DA:65,38
DA:66,13
DA:67,33
DA:68,28
DA:69,37
DA:70,22
DA:71,29
DA:72,29
DA:73,29
DA:75,11
DA:76,9
DA:77,7
DA:78,5
DA:79,7
DA:82,42
DA:83,49
DA:84,78
DA:85,82
DA:86,93
DA:87,114
DA:88,4
DA:90,58
DA:91,25
DA:92,34
DA:93,20
DA:94,6
DA:96,41
DA:97,13
DA:98,25
DA:99,7
DA:101,38
DA:102,13
DA:103,33
DA:104,28
DA:105,37
DA:106,22
DA:107,28
DA:108,28
DA:109,60
DA:110,48
DA:112,24
DA:114,11
DA:115,9
DA:116,7
DA:117,5
DA:118,7
DA:121,42
DA:122,49
DA:123,77
DA:124,81
DA:125,122
DA:126,119
DA:127,4
DA:129,80
DA:130,62
DA:132,38
DA:133,13
DA:134,33
DA:135,28
DA:136,37
DA:137,22
DA:138,28
DA:139,29
DA:140,29
DA:142,11
DA:143,9
DA:144,7
DA:145,5
DA:146,7
DA:149,42
DA:150,49
DA:151,73
DA:152,77
DA:153,81
DA:154,92
DA:155,113
DA:156,4
DA:158,53
DA:159,25
DA:160,25
DA:161,22
DA:162,6
DA:164,41
DA:165,13
DA:166,25
DA:167,7
DA:169,38
DA:170,13
DA:171,33
DA:172,28
DA:173,37
DA:174,22
DA:175,23
DA:176,28
DA:177,60
DA:178,48
DA:180,24
DA:182,11
DA:183,9
DA:184,7
DA:185,5
DA:186,7
DA:189,42
DA:190,49
DA:191,72
DA:192,76
DA:193,117
DA:194,114
DA:195,4
DA:197,76
DA:198,98
DA:200,38
DA:201,13
DA:202,33
DA:203,28
DA:204,37
DA:205,22
DA:206,23
DA:207,29
DA:208,29
DA:210,11
DA:211,9
DA:212,7
DA:213,5
DA:214,7
DA:217,42
DA:218,49
DA:219,72
DA:220,76
DA:221,87
DA:222,108
DA:223,4
DA:225,58
DA:226,25
DA:227,30
DA:228,21
DA:229,6
DA:231,41
DA:232,13
DA:233,25
DA:234,7
DA:236,38
DA:237,13
DA:238,33
DA:239,28
DA:240,37
DA:241,22
DA:242,28
DA:243,28
DA:244,60
DA:245,48
DA:247,24
DA:249,11
DA:250,9
DA:251,7
DA:252,5
DA:253,7
DA:256,42
DA:257,49
DA:258,77
DA:259,81
DA:260,122
DA:261,119
DA:262,4
DA:264,81
DA:265,113
DA:267,38
DA:268,13
DA:269,33
DA:270,28
DA:271,37
DA:272,22
DA:273,28
DA:274,29
DA:275,29
DA:277,11
DA:278,9
DA:279,7
DA:280,5
DA:281,7
DA:284,42
DA:285,49
DA:286,77
DA:287,81
DA:288,92
DA:289,113
DA:290,4
DA:292,90
DA:293,25
DA:294,30
DA:295,21
DA:296,6
DA:298,38
DA:299,13
DA:300,33
DA:301,28
DA:302,37
DA:303,22
DA:304,28
DA:305,28
DA:306,33
DA:307,32
DA:309,29
DA:310,26
DA:311,24
DA:312,13
DA:313,11
DA:314,9
DA:315,7
DA:316,5
DA:317,7
DA:320,42
DA:321,49
DA:322,49
DA:323,62
DA:324,4
DA:326,90
DA:327,25
DA:328,30
DA:329,21
DA:330,6
DA:332,38
DA:333,13
DA:334,33
DA:335,28
DA:336,37
DA:337,22
DA:338,28
DA:339,28
DA:340,32
DA:341,32
DA:343,29
DA:344,27
DA:345,23
DA:346,13
DA:347,11
DA:348,9
DA:349,7
DA:350,5
DA:351,7
DA:354,42
DA:355,49
DA:356,49
DA:357,103
DA:358,4
DA:360,54
DA:361,25
DA:362,33
DA:363,21
DA:364,6
DA:366,67
DA:368,38
DA:369,13
DA:370,33
DA:371,28
DA:372,37
DA:373,23
DA:374,15
DA:375,29
DA:376,31
DA:378,29
DA:379,26
DA:380,24
DA:381,13
DA:382,11
DA:383,9
DA:384,7
DA:385,5
DA:386,7
DA:389,42
DA:390,49
DA:391,81
DA:392,85
DA:393,126
DA:394,123
DA:395,4
DA:397,77
DA:398,101
DA:400,67
DA:402,38
DA:403,13
DA:404,33
DA:405,28
DA:406,37
DA:407,23
DA:408,15
DA:409,29
DA:410,32
DA:412,29
DA:413,26
DA:414,24
DA:415,13
DA:416,11
DA:417,9
DA:418,7
DA:419,5
DA:420,7
DA:423,42
DA:424,49
DA:425,81
DA:426,85
DA:427,96
DA:428,117
DA:429,4
DA:431,64
DA:432,36
DA:434,38
DA:435,13
DA:436,7
DA:437,7
DA:440,42
DA:441,50
DA:442,76
DA:443,3
DA:444,2
LF:363
LH:363
end_of_record
TN:
SF:utilities\checkThresholds.ts
FNF:1
FNH:1
DA:1,63
DA:4,31
DA:5,38
DA:7,36
DA:8,34
DA:9,1
DA:10,41
DA:11,34
DA:12,3
DA:14,13
LF:10
LH:10
end_of_record
TN:
SF:utilities\metrics\measureConnectionsMetric.ts
FNF:2
FNH:2
DA:1,66
DA:4,53
DA:11,9
DA:12,10
DA:13,14
DA:14,3
DA:15,9
DA:16,36
DA:17,43
DA:18,34
DA:20,31
DA:22,35
DA:23,2
DA:24,26
DA:26,15
DA:27,48
DA:28,44
DA:29,42
DA:30,44
DA:31,13
DA:32,34
DA:33,3
DA:35,15
DA:36,15
DA:37,48
DA:38,44
DA:39,34
DA:40,23
DA:41,37
DA:42,37
DA:43,21
DA:44,2
LF:32
LH:32
end_of_record
TN:
SF:utilities\metrics\measureCustomMetric.ts
FNF:2
FNH:2
DA:1,66
DA:5,53
DA:12,9
DA:13,10
DA:14,14
DA:15,3
DA:16,9
DA:17,36
DA:18,43
DA:19,34
DA:20,33
DA:22,35
DA:23,45
DA:24,4
DA:26,15
DA:27,48
DA:28,44
DA:29,42
DA:30,44
DA:31,13
DA:32,34
DA:33,3
DA:35,15
DA:36,15
DA:37,48
DA:38,44
DA:39,23
DA:40,24
DA:41,37
DA:42,37
DA:43,57
DA:44,21
DA:45,2
LF:33
LH:33
end_of_record
TN:
SF:utilities\metrics\measureResponseTimeMetric.ts
FNF:2
FNH:2
DA:1,66
DA:5,53
DA:12,9
DA:13,10
DA:14,14
DA:15,3
DA:16,9
DA:17,36
DA:18,43
DA:19,34
DA:21,31
DA:23,35
DA:24,2
DA:25,26
DA:27,15
DA:28,44
DA:29,48
DA:30,37
DA:31,13
DA:32,56
DA:33,42
DA:34,41
DA:35,3
DA:37,15
DA:38,15
DA:39,44
DA:40,48
DA:41,37
DA:42,37
DA:43,56
DA:44,23
DA:45,23
DA:46,21
DA:47,2
LF:34
LH:34
end_of_record
TN:
SF:utilities\metrics\measureUptimeMetric.ts
FNF:2
FNH:2
DA:1,66
DA:4,53
DA:11,9
DA:12,10
DA:13,14
DA:14,3
DA:15,9
DA:16,36
DA:17,43
DA:18,34
DA:20,31
DA:22,35
DA:23,2
DA:24,26
DA:26,15
DA:27,48
DA:28,44
DA:29,42
DA:30,44
DA:31,13
DA:32,34
DA:33,3
DA:35,15
DA:36,15
DA:37,48
DA:38,44
DA:39,25
DA:40,23
DA:41,37
DA:42,37
DA:43,21
DA:44,2
LF:32
LH:32
end_of_record
TN:
SF:utilities\metrics\measureUtilizationMetric.ts
FNF:2
FNH:2
DA:1,66
DA:6,53
DA:13,9
DA:14,10
DA:15,14
DA:16,3
DA:17,9
DA:18,36
DA:19,43
DA:20,34
DA:22,31
DA:24,35
DA:25,45
DA:26,26
DA:28,15
DA:29,48
DA:30,44
DA:31,42
DA:32,44
DA:33,13
DA:34,34
DA:35,3
DA:37,15
DA:38,15
DA:39,48
DA:40,44
DA:41,30
DA:42,23
DA:43,37
DA:44,37
DA:45,21
DA:46,2
LF:32
LH:32
end_of_record
TN:
SF:utilities\runChecks.ts
FNF:7
FNH:7
DA:1,75
DA:2,63
DA:5,78
DA:6,68
DA:7,80
DA:8,68
DA:9,78
DA:22,9
DA:23,10
DA:24,14
DA:25,8
DA:26,12
DA:27,12
DA:28,8
DA:29,25
DA:30,7
DA:31,3
DA:32,18
DA:33,27
DA:34,16
DA:35,13
DA:36,4
DA:38,32
DA:39,91
DA:40,64
DA:42,69
DA:43,56
DA:45,34
DA:46,48
DA:47,22
DA:48,29
DA:49,56
DA:50,44
DA:51,55
DA:52,14
DA:53,6
DA:54,49
DA:55,22
DA:56,29
DA:57,57
DA:58,44
DA:59,55
DA:60,14
DA:61,6
DA:62,43
DA:63,22
DA:64,29
DA:65,51
DA:66,44
DA:67,55
DA:68,14
DA:69,6
DA:70,48
DA:71,22
DA:72,29
DA:73,56
DA:74,44
DA:75,55
DA:76,14
DA:77,21
DA:79,22
DA:80,29
DA:81,51
DA:82,44
DA:83,55
DA:84,14
DA:85,1
DA:87,1
DA:88,6
DA:90,84
DA:92,54
DA:93,53
DA:94,24
DA:95,32
DA:96,6
DA:98,21
DA:99,33
DA:100,53
DA:101,36
DA:103,10
DA:104,53
DA:105,36
DA:106,8
DA:107,8
DA:108,6
DA:110,12
DA:111,6
DA:112,1
DA:113,10
DA:114,23
DA:117,33
DA:118,43
DA:119,5
DA:121,15
DA:122,54
DA:123,2
DA:125,12
DA:126,13
DA:127,18
DA:128,11
DA:129,6
DA:130,13
DA:131,28
DA:132,24
DA:133,20
DA:134,24
DA:135,28
DA:136,14
DA:137,18
DA:138,12
DA:139,16
DA:140,16
DA:141,13
DA:142,9
DA:143,3
DA:144,1
LF:116
LH:116
end_of_record
